<?xml version="1.0" encoding="UTF-8"?>
<!-- Generated by org.testng.reporters.JUnitXMLReporter -->
<testsuite hostname="MSI" ignored="5" name="Default test" tests="1" failures="0" timestamp="2020-08-31T18:16:16 IST" time="2.893" errors="0">
  <testcase name="test_4" time="2.869" classname="com.ankita.casestudy.apitest.TestAPI"/>
  <testcase name="test_6" time="0.0" classname="com.ankita.casestudy.apitest.TestAPI">
    <ignored/>
  </testcase> <!-- test_6 -->
  <testcase name="test_5" time="0.0" classname="com.ankita.casestudy.apitest.TestAPI">
    <ignored/>
  </testcase> <!-- test_5 -->
  <testcase name="test_3" time="0.0" classname="com.ankita.casestudy.apitest.TestAPI">
    <ignored/>
  </testcase> <!-- test_3 -->
  <testcase name="test_2" time="0.0" classname="com.ankita.casestudy.apitest.TestAPI">
    <ignored/>
  </testcase> <!-- test_2 -->
  <testcase name="test_1" time="0.0" classname="com.ankita.casestudy.apitest.TestAPI">
    <ignored/>
  </testcase> <!-- test_1 -->
</testsuite> <!-- Default test -->
