<?xml version="1.0" encoding="UTF-8"?>
<!-- Generated by org.testng.reporters.JUnitXMLReporter -->
<testsuite hostname="MSI" ignored="0" name="API test" tests="6" failures="0" timestamp="2020-08-31T17:41:25 IST" time="5.694" errors="0">
  <testcase name="test_1" time="2.345" classname="com.ankita.casestudy.apitest.TestAPI"/>
  <testcase name="test_2" time="0.584" classname="com.ankita.casestudy.apitest.TestAPI"/>
  <testcase name="test_3" time="0.292" classname="com.ankita.casestudy.apitest.TestAPI"/>
  <testcase name="test_4" time="0.91" classname="com.ankita.casestudy.apitest.TestAPI"/>
  <testcase name="test_5" time="0.93" classname="com.ankita.casestudy.apitest.TestAPI"/>
  <testcase name="test_6" time="0.591" classname="com.ankita.casestudy.apitest.TestAPI"/>
</testsuite> <!-- API test -->
